2025-03-20T03:02:37.439+0700 [DEBUG] [org.gradle.launcher.daemon.bootstrap.DaemonMain] Assuming the daemon was started with following jvm opts: [--add-opens=java.base/java.util=ALL-UNNAMED, --add-opens=java.base/java.lang=ALL-UNNAMED, --add-opens=java.base/java.lang.invoke=ALL-UNNAMED, --add-opens=java.prefs/java.util.prefs=ALL-UNNAMED, --add-opens=java.base/java.nio.charset=ALL-UNNAMED, --add-opens=java.base/java.net=ALL-UNNAMED, --add-opens=java.base/java.util.concurrent.atomic=ALL-UNNAMED, -Xmx2048m, -Dfile.encoding=UTF-8, -Duser.country=RU, -Duser.language=ru, -Duser.variant]
2025-03-20T03:02:37.746+0700 [DEBUG] [org.gradle.internal.nativeintegration.services.NativeServices] Native-platform posix files integration is not available. Continuing with fallback.
2025-03-20T03:02:37.777+0700 [INFO] [org.gradle.launcher.daemon.server.Daemon] start() called on daemon - DefaultDaemonContext[uid=631bd66e-9f71-48c2-8010-937414e9bb26,javaHome=C:\Program Files\Java\jdk-21.0.5,daemonRegistryDir=C:\Users\Thinkbook\AndroidStudioProjects\MyApplication3\daemon,pid=17412,idleTimeout=10800000,priority=NORMAL,applyInstrumentationAgent=true,daemonOpts=--add-opens=java.base/java.util=ALL-UNNAMED,--add-opens=java.base/java.lang=ALL-UNNAMED,--add-opens=java.base/java.lang.invoke=ALL-UNNAMED,--add-opens=java.prefs/java.util.prefs=ALL-UNNAMED,--add-opens=java.base/java.nio.charset=ALL-UNNAMED,--add-opens=java.base/java.net=ALL-UNNAMED,--add-opens=java.base/java.util.concurrent.atomic=ALL-UNNAMED,-Xmx2048m,-Dfile.encoding=UTF-8,-Duser.country=RU,-Duser.language=ru,-Duser.variant]
2025-03-20T03:02:37.937+0700 [DEBUG] [org.gradle.internal.remote.internal.inet.InetAddresses] Adding IP addresses for network interface WAN Miniport (IP)-WFP Native MAC Layer LightWeight Filter-0000
2025-03-20T03:02:37.938+0700 [DEBUG] [org.gradle.internal.remote.internal.inet.InetAddresses] Is this a loopback interface? false
2025-03-20T03:02:37.938+0700 [DEBUG] [org.gradle.internal.remote.internal.inet.InetAddresses] Adding IP addresses for network interface WAN Miniport (IP)-QoS Packet Scheduler-0000
2025-03-20T03:02:37.939+0700 [DEBUG] [org.gradle.internal.remote.internal.inet.InetAddresses] Is this a loopback interface? false
2025-03-20T03:02:37.939+0700 [DEBUG] [org.gradle.internal.remote.internal.inet.InetAddresses] Adding IP addresses for network interface WAN Miniport (IPv6)-WFP Native MAC Layer LightWeight Filter-0000
2025-03-20T03:02:37.939+0700 [DEBUG] [org.gradle.internal.remote.internal.inet.InetAddresses] Is this a loopback interface? false
2025-03-20T03:02:37.940+0700 [DEBUG] [org.gradle.internal.remote.internal.inet.InetAddresses] Adding IP addresses for network interface TAP-Windows Adapter V9-WFP Native MAC Layer LightWeight Filter-0000
2025-03-20T03:02:37.940+0700 [DEBUG] [org.gradle.internal.remote.internal.inet.InetAddresses] Is this a loopback interface? false
2025-03-20T03:02:37.941+0700 [DEBUG] [org.gradle.internal.remote.internal.inet.InetAddresses] Adding IP addresses for network interface TAP-Windows Adapter V9-QoS Packet Scheduler-0000
2025-03-20T03:02:37.942+0700 [DEBUG] [org.gradle.internal.remote.internal.inet.InetAddresses] Is this a loopback interface? false
2025-03-20T03:02:37.942+0700 [DEBUG] [org.gradle.internal.remote.internal.inet.InetAddresses] Adding IP addresses for network interface TAP-Windows Adapter V9-WFP 802.3 MAC Layer LightWeight Filter-0000
2025-03-20T03:02:37.943+0700 [DEBUG] [org.gradle.internal.remote.internal.inet.InetAddresses] Is this a loopback interface? false
2025-03-20T03:02:37.943+0700 [DEBUG] [org.gradle.internal.remote.internal.inet.InetAddresses] Adding IP addresses for network interface WAN Miniport (IPv6)-QoS Packet Scheduler-0000
2025-03-20T03:02:37.944+0700 [DEBUG] [org.gradle.internal.remote.internal.inet.InetAddresses] Is this a loopback interface? false
2025-03-20T03:02:37.945+0700 [DEBUG] [org.gradle.internal.remote.internal.inet.InetAddresses] Adding IP addresses for network interface WAN Miniport (Network Monitor)-WFP Native MAC Layer LightWeight Filter-0000
2025-03-20T03:02:37.945+0700 [DEBUG] [org.gradle.internal.remote.internal.inet.InetAddresses] Is this a loopback interface? false
2025-03-20T03:02:37.946+0700 [DEBUG] [org.gradle.internal.remote.internal.inet.InetAddresses] Adding IP addresses for network interface WAN Miniport (Network Monitor)-QoS Packet Scheduler-0000
2025-03-20T03:02:37.946+0700 [DEBUG] [org.gradle.internal.remote.internal.inet.InetAddresses] Is this a loopback interface? false
2025-03-20T03:02:37.946+0700 [DEBUG] [org.gradle.internal.remote.internal.inet.InetAddresses] Adding IP addresses for network interface Microsoft Kernel Debug Network Adapter
2025-03-20T03:02:37.947+0700 [DEBUG] [org.gradle.internal.remote.internal.inet.InetAddresses] Is this a loopback interface? false
2025-03-20T03:02:37.947+0700 [DEBUG] [org.gradle.internal.remote.internal.inet.InetAddresses] Adding IP addresses for network interface Bluetooth Device (Personal Area Network)
2025-03-20T03:02:37.948+0700 [DEBUG] [org.gradle.internal.remote.internal.inet.InetAddresses] Is this a loopback interface? false
2025-03-20T03:02:37.948+0700 [DEBUG] [org.gradle.internal.remote.internal.inet.InetAddresses] Adding IP addresses for network interface WAN Miniport (IP)
2025-03-20T03:02:37.949+0700 [DEBUG] [org.gradle.internal.remote.internal.inet.InetAddresses] Is this a loopback interface? false
2025-03-20T03:02:37.949+0700 [DEBUG] [org.gradle.internal.remote.internal.inet.InetAddresses] Adding IP addresses for network interface WAN Miniport (IPv6)
2025-03-20T03:02:37.950+0700 [DEBUG] [org.gradle.internal.remote.internal.inet.InetAddresses] Is this a loopback interface? false
2025-03-20T03:02:37.950+0700 [DEBUG] [org.gradle.internal.remote.internal.inet.InetAddresses] Adding IP addresses for network interface WAN Miniport (Network Monitor)
2025-03-20T03:02:37.951+0700 [DEBUG] [org.gradle.internal.remote.internal.inet.InetAddresses] Is this a loopback interface? false
2025-03-20T03:02:37.951+0700 [DEBUG] [org.gradle.internal.remote.internal.inet.InetAddresses] Adding IP addresses for network interface TAP-Windows Adapter V9
2025-03-20T03:02:37.952+0700 [DEBUG] [org.gradle.internal.remote.internal.inet.InetAddresses] Is this a loopback interface? false
2025-03-20T03:02:37.952+0700 [DEBUG] [org.gradle.internal.remote.internal.inet.InetAddresses] Adding remote address /fe80:0:0:0:641c:744c:24b:4c41%ethernet_32773
2025-03-20T03:02:37.953+0700 [DEBUG] [org.gradle.internal.remote.internal.inet.InetAddresses] Adding IP addresses for network interface WAN Miniport (PPPOE)
2025-03-20T03:02:37.953+0700 [DEBUG] [org.gradle.internal.remote.internal.inet.InetAddresses] Is this a loopback interface? false
2025-03-20T03:02:37.954+0700 [DEBUG] [org.gradle.internal.remote.internal.inet.InetAddresses] Adding IP addresses for network interface Software Loopback Interface 1
2025-03-20T03:02:37.954+0700 [DEBUG] [org.gradle.internal.remote.internal.inet.InetAddresses] Is this a loopback interface? true
2025-03-20T03:02:37.954+0700 [DEBUG] [org.gradle.internal.remote.internal.inet.InetAddresses] Adding loopback address /0:0:0:0:0:0:0:1
2025-03-20T03:02:37.955+0700 [DEBUG] [org.gradle.internal.remote.internal.inet.InetAddresses] Adding loopback address /127.0.0.1
2025-03-20T03:02:37.955+0700 [DEBUG] [org.gradle.internal.remote.internal.inet.InetAddresses] Adding IP addresses for network interface Intel(R) Wireless-AC 9260 160MHz-WFP Native MAC Layer LightWeight Filter-0000
2025-03-20T03:02:37.956+0700 [DEBUG] [org.gradle.internal.remote.internal.inet.InetAddresses] Is this a loopback interface? false
2025-03-20T03:02:37.956+0700 [DEBUG] [org.gradle.internal.remote.internal.inet.InetAddresses] Adding IP addresses for network interface Intel(R) Wireless-AC 9260 160MHz-Virtual WiFi Filter Driver-0000
2025-03-20T03:02:37.957+0700 [DEBUG] [org.gradle.internal.remote.internal.inet.InetAddresses] Is this a loopback interface? false
2025-03-20T03:02:37.957+0700 [DEBUG] [org.gradle.internal.remote.internal.inet.InetAddresses] Adding IP addresses for network interface Intel(R) Wireless-AC 9260 160MHz-Native WiFi Filter Driver-0000
2025-03-20T03:02:37.958+0700 [DEBUG] [org.gradle.internal.remote.internal.inet.InetAddresses] Is this a loopback interface? false
2025-03-20T03:02:37.958+0700 [DEBUG] [org.gradle.internal.remote.internal.inet.InetAddresses] Adding IP addresses for network interface Intel(R) Wireless-AC 9260 160MHz-QoS Packet Scheduler-0000
2025-03-20T03:02:37.959+0700 [DEBUG] [org.gradle.internal.remote.internal.inet.InetAddresses] Is this a loopback interface? false
2025-03-20T03:02:37.959+0700 [DEBUG] [org.gradle.internal.remote.internal.inet.InetAddresses] Adding IP addresses for network interface Intel(R) Wireless-AC 9260 160MHz-WFP 802.3 MAC Layer LightWeight Filter-0000
2025-03-20T03:02:37.960+0700 [DEBUG] [org.gradle.internal.remote.internal.inet.InetAddresses] Is this a loopback interface? false
2025-03-20T03:02:37.960+0700 [DEBUG] [org.gradle.internal.remote.internal.inet.InetAddresses] Adding IP addresses for network interface Microsoft Wi-Fi Direct Virtual Adapter-WFP Native MAC Layer LightWeight Filter-0000
2025-03-20T03:02:37.962+0700 [DEBUG] [org.gradle.internal.remote.internal.inet.InetAddresses] Is this a loopback interface? false
2025-03-20T03:02:37.962+0700 [DEBUG] [org.gradle.internal.remote.internal.inet.InetAddresses] Adding IP addresses for network interface Microsoft Wi-Fi Direct Virtual Adapter-Native WiFi Filter Driver-0000
2025-03-20T03:02:37.963+0700 [DEBUG] [org.gradle.internal.remote.internal.inet.InetAddresses] Is this a loopback interface? false
2025-03-20T03:02:37.963+0700 [DEBUG] [org.gradle.internal.remote.internal.inet.InetAddresses] Adding IP addresses for network interface Microsoft Wi-Fi Direct Virtual Adapter-QoS Packet Scheduler-0000
2025-03-20T03:02:37.964+0700 [DEBUG] [org.gradle.internal.remote.internal.inet.InetAddresses] Is this a loopback interface? false
2025-03-20T03:02:37.964+0700 [DEBUG] [org.gradle.internal.remote.internal.inet.InetAddresses] Adding IP addresses for network interface Microsoft Wi-Fi Direct Virtual Adapter-WFP 802.3 MAC Layer LightWeight Filter-0000
2025-03-20T03:02:37.964+0700 [DEBUG] [org.gradle.internal.remote.internal.inet.InetAddresses] Is this a loopback interface? false
2025-03-20T03:02:37.965+0700 [DEBUG] [org.gradle.internal.remote.internal.inet.InetAddresses] Adding IP addresses for network interface Microsoft Wi-Fi Direct Virtual Adapter #2-WFP Native MAC Layer LightWeight Filter-0000
2025-03-20T03:02:37.965+0700 [DEBUG] [org.gradle.internal.remote.internal.inet.InetAddresses] Is this a loopback interface? false
2025-03-20T03:02:37.965+0700 [DEBUG] [org.gradle.internal.remote.internal.inet.InetAddresses] Adding IP addresses for network interface Microsoft Wi-Fi Direct Virtual Adapter #2-Native WiFi Filter Driver-0000
2025-03-20T03:02:37.966+0700 [DEBUG] [org.gradle.internal.remote.internal.inet.InetAddresses] Is this a loopback interface? false
2025-03-20T03:02:37.966+0700 [DEBUG] [org.gradle.internal.remote.internal.inet.InetAddresses] Adding IP addresses for network interface Microsoft Wi-Fi Direct Virtual Adapter #2-QoS Packet Scheduler-0000
2025-03-20T03:02:37.968+0700 [DEBUG] [org.gradle.internal.remote.internal.inet.InetAddresses] Is this a loopback interface? false
2025-03-20T03:02:37.969+0700 [DEBUG] [org.gradle.internal.remote.internal.inet.InetAddresses] Adding IP addresses for network interface Microsoft Wi-Fi Direct Virtual Adapter #2-WFP 802.3 MAC Layer LightWeight Filter-0000
2025-03-20T03:02:37.969+0700 [DEBUG] [org.gradle.internal.remote.internal.inet.InetAddresses] Is this a loopback interface? false
2025-03-20T03:02:37.969+0700 [DEBUG] [org.gradle.internal.remote.internal.inet.InetAddresses] Adding IP addresses for network interface Intel(R) Wireless-AC 9260 160MHz
2025-03-20T03:02:37.970+0700 [DEBUG] [org.gradle.internal.remote.internal.inet.InetAddresses] Is this a loopback interface? false
2025-03-20T03:02:37.970+0700 [DEBUG] [org.gradle.internal.remote.internal.inet.InetAddresses] Adding remote address /fe80:0:0:0:4c21:a618:996d:9fc0%wireless_32768
2025-03-20T03:02:37.970+0700 [DEBUG] [org.gradle.internal.remote.internal.inet.InetAddresses] Adding remote address /fd83:33f:83ea:0:f55d:a2f9:8691:3dc7
2025-03-20T03:02:37.970+0700 [DEBUG] [org.gradle.internal.remote.internal.inet.InetAddresses] Adding remote address /fd83:33f:83ea:0:1b4:6c51:bcb2:61a5
2025-03-20T03:02:37.971+0700 [DEBUG] [org.gradle.internal.remote.internal.inet.InetAddresses] Adding remote address /192.168.1.75
2025-03-20T03:02:37.971+0700 [DEBUG] [org.gradle.internal.remote.internal.inet.InetAddresses] Adding IP addresses for network interface Microsoft Wi-Fi Direct Virtual Adapter
2025-03-20T03:02:37.972+0700 [DEBUG] [org.gradle.internal.remote.internal.inet.InetAddresses] Is this a loopback interface? false
2025-03-20T03:02:37.973+0700 [DEBUG] [org.gradle.internal.remote.internal.inet.InetAddresses] Adding remote address /fe80:0:0:0:ba3b:a50f:a803:9a87%wireless_32769
2025-03-20T03:02:37.973+0700 [DEBUG] [org.gradle.internal.remote.internal.inet.InetAddresses] Adding IP addresses for network interface Microsoft Wi-Fi Direct Virtual Adapter #2
2025-03-20T03:02:37.974+0700 [DEBUG] [org.gradle.internal.remote.internal.inet.InetAddresses] Is this a loopback interface? false
2025-03-20T03:02:37.974+0700 [DEBUG] [org.gradle.internal.remote.internal.inet.InetAddresses] Adding remote address /fe80:0:0:0:1ff1:41eb:ec0:459a%wireless_32770
2025-03-20T03:02:37.975+0700 [DEBUG] [org.gradle.internal.remote.internal.inet.InetAddresses] Adding IP addresses for network interface Microsoft Teredo Tunneling Adapter
2025-03-20T03:02:37.975+0700 [DEBUG] [org.gradle.internal.remote.internal.inet.InetAddresses] Is this a loopback interface? false
2025-03-20T03:02:37.975+0700 [DEBUG] [org.gradle.internal.remote.internal.inet.InetAddresses] Adding IP addresses for network interface Microsoft IP-HTTPS Platform Adapter
2025-03-20T03:02:37.976+0700 [DEBUG] [org.gradle.internal.remote.internal.inet.InetAddresses] Is this a loopback interface? false
2025-03-20T03:02:37.976+0700 [DEBUG] [org.gradle.internal.remote.internal.inet.InetAddresses] Adding IP addresses for network interface Microsoft 6to4 Adapter
2025-03-20T03:02:37.977+0700 [DEBUG] [org.gradle.internal.remote.internal.inet.InetAddresses] Is this a loopback interface? false
2025-03-20T03:02:37.977+0700 [DEBUG] [org.gradle.internal.remote.internal.inet.InetAddresses] Adding IP addresses for network interface WAN Miniport (SSTP)
2025-03-20T03:02:37.977+0700 [DEBUG] [org.gradle.internal.remote.internal.inet.InetAddresses] Is this a loopback interface? false
2025-03-20T03:02:37.978+0700 [DEBUG] [org.gradle.internal.remote.internal.inet.InetAddresses] Adding IP addresses for network interface WAN Miniport (IKEv2)
2025-03-20T03:02:37.978+0700 [DEBUG] [org.gradle.internal.remote.internal.inet.InetAddresses] Is this a loopback interface? false
2025-03-20T03:02:37.978+0700 [DEBUG] [org.gradle.internal.remote.internal.inet.InetAddresses] Adding IP addresses for network interface WAN Miniport (L2TP)
2025-03-20T03:02:37.979+0700 [DEBUG] [org.gradle.internal.remote.internal.inet.InetAddresses] Is this a loopback interface? false
2025-03-20T03:02:37.979+0700 [DEBUG] [org.gradle.internal.remote.internal.inet.InetAddresses] Adding IP addresses for network interface WAN Miniport (PPTP)
2025-03-20T03:02:37.979+0700 [DEBUG] [org.gradle.internal.remote.internal.inet.InetAddresses] Is this a loopback interface? false
2025-03-20T03:02:37.985+0700 [DEBUG] [org.gradle.internal.remote.internal.inet.TcpIncomingConnector] Listening on [98727af4-1a0a-4ac2-91b7-9d88f1a9ec0b port:56202, addresses:[localhost/127.0.0.1]].
2025-03-20T03:02:38.026+0700 [DEBUG] [org.gradle.launcher.daemon.server.Daemon] Daemon starting at: Thu Mar 20 03:02:37 KRAT 2025, with address: [98727af4-1a0a-4ac2-91b7-9d88f1a9ec0b port:56202, addresses:[localhost/127.0.0.1]]
2025-03-20T03:02:38.027+0700 [INFO] [org.gradle.launcher.daemon.server.DaemonRegistryUpdater] Advertising the daemon address to the clients: [98727af4-1a0a-4ac2-91b7-9d88f1a9ec0b port:56202, addresses:[localhost/127.0.0.1]]
2025-03-20T03:02:38.027+0700 [DEBUG] [org.gradle.launcher.daemon.server.DaemonRegistryUpdater] Advertised daemon context: DefaultDaemonContext[uid=631bd66e-9f71-48c2-8010-937414e9bb26,javaHome=C:\Program Files\Java\jdk-21.0.5,daemonRegistryDir=C:\Users\Thinkbook\AndroidStudioProjects\MyApplication3\daemon,pid=17412,idleTimeout=10800000,priority=NORMAL,applyInstrumentationAgent=true,daemonOpts=--add-opens=java.base/java.util=ALL-UNNAMED,--add-opens=java.base/java.lang=ALL-UNNAMED,--add-opens=java.base/java.lang.invoke=ALL-UNNAMED,--add-opens=java.prefs/java.util.prefs=ALL-UNNAMED,--add-opens=java.base/java.nio.charset=ALL-UNNAMED,--add-opens=java.base/java.net=ALL-UNNAMED,--add-opens=java.base/java.util.concurrent.atomic=ALL-UNNAMED,-Xmx2048m,-Dfile.encoding=UTF-8,-Duser.country=RU,-Duser.language=ru,-Duser.variant]
2025-03-20T03:02:38.029+0700 [DEBUG] [org.gradle.launcher.daemon.registry.PersistentDaemonRegistry] Storing daemon address: [98727af4-1a0a-4ac2-91b7-9d88f1a9ec0b port:56202, addresses:[localhost/127.0.0.1]], context: DefaultDaemonContext[uid=631bd66e-9f71-48c2-8010-937414e9bb26,javaHome=C:\Program Files\Java\jdk-21.0.5,daemonRegistryDir=C:\Users\Thinkbook\AndroidStudioProjects\MyApplication3\daemon,pid=17412,idleTimeout=10800000,priority=NORMAL,applyInstrumentationAgent=true,daemonOpts=--add-opens=java.base/java.util=ALL-UNNAMED,--add-opens=java.base/java.lang=ALL-UNNAMED,--add-opens=java.base/java.lang.invoke=ALL-UNNAMED,--add-opens=java.prefs/java.util.prefs=ALL-UNNAMED,--add-opens=java.base/java.nio.charset=ALL-UNNAMED,--add-opens=java.base/java.net=ALL-UNNAMED,--add-opens=java.base/java.util.concurrent.atomic=ALL-UNNAMED,-Xmx2048m,-Dfile.encoding=UTF-8,-Duser.country=RU,-Duser.language=ru,-Duser.variant]
2025-03-20T03:02:38.056+0700 [DEBUG] [org.gradle.cache.internal.DefaultFileLockManager] Waiting to acquire exclusive lock on daemon addresses registry.
2025-03-20T03:02:38.064+0700 [DEBUG] [org.gradle.cache.internal.DefaultFileLockManager] Lock acquired on daemon addresses registry.
2025-03-20T03:02:38.074+0700 [DEBUG] [org.gradle.cache.internal.DefaultFileLockManager] Releasing lock on daemon addresses registry.
2025-03-20T03:02:38.076+0700 [LIFECYCLE] [org.gradle.launcher.daemon.server.Daemon] Daemon server started.
2025-03-20T03:02:38.078+0700 [DEBUG] [org.gradle.launcher.daemon.bootstrap.DaemonStartupCommunication] Completed writing the daemon greeting. Closing streams...
2025-03-20T03:02:38.092+0700 [DEBUG] [org.gradle.launcher.daemon.server.Daemon] stopOnExpiration() called on daemon
2025-03-20T03:02:38.094+0700 [DEBUG] [org.gradle.launcher.daemon.server.Daemon] awaitExpiration() called on daemon
2025-03-20T03:02:38.095+0700 [DEBUG] [org.gradle.launcher.daemon.server.DaemonStateCoordinator] daemon is running. Sleeping until state changes.
2025-03-20T03:02:38.102+0700 [DEBUG] [org.gradle.internal.remote.internal.inet.TcpIncomingConnector] Accepted connection from /127.0.0.1:56203 to /127.0.0.1:56202.
2025-03-20T03:02:38.316+0700 [DEBUG] [org.gradle.launcher.daemon.server.SynchronizedDispatchConnection] thread 32: received class org.gradle.launcher.daemon.protocol.Build
2025-03-20T03:02:38.317+0700 [DEBUG] [org.gradle.launcher.daemon.server.DefaultDaemonConnection] thread 32: Received non-IO message from client: Build{id=39f0d997-f08d-4041-b786-78573b04e7f8, currentDir=C:\Users\Thinkbook\AndroidStudioProjects\MyApplication3}
2025-03-20T03:02:38.317+0700 [INFO] [org.gradle.launcher.daemon.server.DefaultIncomingConnectionHandler] Received command: Build{id=39f0d997-f08d-4041-b786-78573b04e7f8, currentDir=C:\Users\Thinkbook\AndroidStudioProjects\MyApplication3}.
2025-03-20T03:02:38.317+0700 [DEBUG] [org.gradle.launcher.daemon.server.DefaultIncomingConnectionHandler] Starting executing command: Build{id=39f0d997-f08d-4041-b786-78573b04e7f8, currentDir=C:\Users\Thinkbook\AndroidStudioProjects\MyApplication3} with connection: socket connection from /127.0.0.1:56202 to /127.0.0.1:56203.
2025-03-20T03:02:38.322+0700 [DEBUG] [org.gradle.launcher.daemon.server.DaemonStateCoordinator] Command execution: started DaemonCommandExecution[command = Build{id=39f0d997-f08d-4041-b786-78573b04e7f8, currentDir=C:\Users\Thinkbook\AndroidStudioProjects\MyApplication3}, connection = DefaultDaemonConnection: socket connection from /127.0.0.1:56202 to /127.0.0.1:56203] after 0.0 minutes of idle
2025-03-20T03:02:38.323+0700 [INFO] [org.gradle.launcher.daemon.server.DaemonRegistryUpdater] Marking the daemon as busy, address: [98727af4-1a0a-4ac2-91b7-9d88f1a9ec0b port:56202, addresses:[localhost/127.0.0.1]]
2025-03-20T03:02:38.323+0700 [DEBUG] [org.gradle.launcher.daemon.registry.PersistentDaemonRegistry] Marking busy by address: [98727af4-1a0a-4ac2-91b7-9d88f1a9ec0b port:56202, addresses:[localhost/127.0.0.1]]
2025-03-20T03:02:38.326+0700 [DEBUG] [org.gradle.cache.internal.DefaultFileLockManager] Waiting to acquire exclusive lock on daemon addresses registry.
2025-03-20T03:02:38.327+0700 [DEBUG] [org.gradle.cache.internal.DefaultFileLockManager] Lock acquired on daemon addresses registry.
2025-03-20T03:02:38.330+0700 [DEBUG] [org.gradle.cache.internal.DefaultFileLockManager] Releasing lock on daemon addresses registry.
2025-03-20T03:02:38.331+0700 [DEBUG] [org.gradle.launcher.daemon.server.DaemonStateCoordinator] resetting idle timer
2025-03-20T03:02:38.331+0700 [DEBUG] [org.gradle.launcher.daemon.server.DaemonStateCoordinator] daemon is running. Sleeping until state changes.
2025-03-20T03:02:38.333+0700 [INFO] [org.gradle.launcher.daemon.server.exec.StartBuildOrRespondWithBusy] Daemon is about to start building Build{id=39f0d997-f08d-4041-b786-78573b04e7f8, currentDir=C:\Users\Thinkbook\AndroidStudioProjects\MyApplication3}. Dispatching build started information...
2025-03-20T03:02:38.333+0700 [DEBUG] [org.gradle.launcher.daemon.server.SynchronizedDispatchConnection] thread 34: dispatching org.gradle.launcher.daemon.protocol.BuildStarted@8993d5
2025-03-20T03:02:38.338+0700 [DEBUG] [org.gradle.launcher.daemon.server.exec.EstablishBuildEnvironment] Configuring env variables: [USERDOMAIN_ROAMINGPROFILE, PROCESSOR_LEVEL, POSTGIS_GDAL_ENABLED_DRIVERS, SESSIONNAME, ALLUSERSPROFILE, GDAL_DATA, PROCESSOR_ARCHITECTURE, PSModulePath, SystemDrive, R_LIBS, POSTGIS_ENABLE_OUTDB_RASTERS, USERNAME, EFC_8880, ProgramFiles(x86), CURL_CA_BUNDLE, PATHEXT, DriverData, PROJ_LIB, ProgramData, ProgramW6432, HOMEPATH, PROCESSOR_IDENTIFIER, ProgramFiles, PUBLIC, windir, OPENSSL_CONF, LOCALAPPDATA, ChocolateyLastPathUpdate, USERDOMAIN, LOGONSERVER, JAVA_HOME, asl.log, OneDrive, APPDATA, ChocolateyInstall, CommonProgramFiles, Path, OS, COMPUTERNAME, PROCESSOR_REVISION, CommonProgramW6432, ComSpec, TEMP, SystemRoot, HOMEDRIVE, USERPROFILE, TMP, CommonProgramFiles(x86), NUMBER_OF_PROCESSORS, IDEA_INITIAL_DIRECTORY]
2025-03-20T03:02:38.338+0700 [DEBUG] [org.gradle.launcher.daemon.server.SynchronizedDispatchConnection] thread 32: received class org.gradle.launcher.daemon.protocol.CloseInput
2025-03-20T03:02:38.339+0700 [DEBUG] [org.gradle.launcher.daemon.server.DefaultDaemonConnection] thread 32: Received IO message from client: org.gradle.launcher.daemon.protocol.CloseInput@761442eb
2025-03-20T03:02:38.349+0700 [DEBUG] [org.gradle.launcher.daemon.server.exec.LogToClient] About to start relaying all logs to the client via the connection.
2025-03-20T03:02:38.350+0700 [INFO] [org.gradle.launcher.daemon.server.exec.LogToClient] The client will now receive all logging from the daemon (pid: 17412). The daemon log file: C:\Users\Thinkbook\AndroidStudioProjects\MyApplication3\daemon\8.4\daemon-17412.out.log
2025-03-20T03:02:38.354+0700 [INFO] [org.gradle.launcher.daemon.server.exec.LogAndCheckHealth] Starting build in new daemon [memory: 2 GiB]
2025-03-20T03:02:38.357+0700 [INFO] [org.gradle.launcher.daemon.server.exec.ForwardClientInput] Closing daemon's stdin at end of input.
2025-03-20T03:02:38.357+0700 [INFO] [org.gradle.launcher.daemon.server.exec.ForwardClientInput] The daemon will no longer process any standard input.
2025-03-20T03:02:38.359+0700 [DEBUG] [org.gradle.launcher.daemon.server.exec.ExecuteBuild] The daemon has started executing the build.
2025-03-20T03:02:38.360+0700 [DEBUG] [org.gradle.launcher.daemon.server.exec.ExecuteBuild] Executing build with daemon context: DefaultDaemonContext[uid=631bd66e-9f71-48c2-8010-937414e9bb26,javaHome=C:\Program Files\Java\jdk-21.0.5,daemonRegistryDir=C:\Users\Thinkbook\AndroidStudioProjects\MyApplication3\daemon,pid=17412,idleTimeout=10800000,priority=NORMAL,applyInstrumentationAgent=true,daemonOpts=--add-opens=java.base/java.util=ALL-UNNAMED,--add-opens=java.base/java.lang=ALL-UNNAMED,--add-opens=java.base/java.lang.invoke=ALL-UNNAMED,--add-opens=java.prefs/java.util.prefs=ALL-UNNAMED,--add-opens=java.base/java.nio.charset=ALL-UNNAMED,--add-opens=java.base/java.net=ALL-UNNAMED,--add-opens=java.base/java.util.concurrent.atomic=ALL-UNNAMED,-Xmx2048m,-Dfile.encoding=UTF-8,-Duser.country=RU,-Duser.language=ru,-Duser.variant]

Deprecated Gradle features were used in this build, making it incompatible with Gradle 9.0.

You can use '--warning-mode all' to show the individual deprecation warnings and determine if they come from your own scripts or plugins.

For more on this, please refer to https://docs.gradle.org/8.4/userguide/command_line_interface.html#sec:command_line_warnings in the Gradle documentation.

BUILD SUCCESSFUL in 6m 45s
2025-03-20T03:09:14.292+0700 [DEBUG] [org.gradle.launcher.daemon.server.exec.ExecuteBuild] The daemon has finished executing the build.
2025-03-20T03:09:14.314+0700 [DEBUG] [org.gradle.launcher.daemon.server.DaemonStateCoordinator] daemon is running. Sleeping until state changes.
2025-03-20T03:09:14.315+0700 [DEBUG] [org.gradle.launcher.daemon.server.DaemonStateCoordinator] Command execution: finished waiting for DaemonCommandExecution[command = Build{id=39f0d997-f08d-4041-b786-78573b04e7f8, currentDir=C:\Users\Thinkbook\AndroidStudioProjects\MyApplication3}, connection = DefaultDaemonConnection: socket connection from /127.0.0.1:56202 to /127.0.0.1:56203]. Result org.gradle.launcher.daemon.server.DaemonStateCoordinator@29dbdb5e with state Busy
2025-03-20T03:09:14.316+0700 [DEBUG] [org.gradle.launcher.daemon.server.DaemonStateCoordinator] Command execution: completed DaemonCommandExecution[command = Build{id=39f0d997-f08d-4041-b786-78573b04e7f8, currentDir=C:\Users\Thinkbook\AndroidStudioProjects\MyApplication3}, connection = DefaultDaemonConnection: socket connection from /127.0.0.1:56202 to /127.0.0.1:56203]
2025-03-20T03:09:14.316+0700 [DEBUG] [org.gradle.launcher.daemon.server.DaemonStateCoordinator] resetting idle timer
2025-03-20T03:09:14.318+0700 [INFO] [org.gradle.launcher.daemon.server.DaemonRegistryUpdater] Marking the daemon as idle, address: [98727af4-1a0a-4ac2-91b7-9d88f1a9ec0b port:56202, addresses:[localhost/127.0.0.1]]
2025-03-20T03:09:14.318+0700 [DEBUG] [org.gradle.launcher.daemon.registry.PersistentDaemonRegistry] Marking busy by address: [98727af4-1a0a-4ac2-91b7-9d88f1a9ec0b port:56202, addresses:[localhost/127.0.0.1]]
2025-03-20T03:09:14.322+0700 [DEBUG] [org.gradle.cache.internal.DefaultFileLockManager] Waiting to acquire exclusive lock on daemon addresses registry.
2025-03-20T03:09:14.324+0700 [DEBUG] [org.gradle.cache.internal.DefaultFileLockManager] Lock acquired on daemon addresses registry.
2025-03-20T03:09:14.328+0700 [DEBUG] [org.gradle.cache.internal.DefaultFileLockManager] Releasing lock on daemon addresses registry.
2025-03-20T03:09:14.331+0700 [DEBUG] [org.gradle.launcher.daemon.server.DaemonStateCoordinator] daemon is running. Sleeping until state changes.
2025-03-20T03:09:14.333+0700 [DEBUG] [org.gradle.launcher.daemon.server.exec.ReturnResult] Daemon is dispatching the build result: Success[value=org.gradle.launcher.exec.BuildActionResult@7ce7c01a]
2025-03-20T03:09:14.334+0700 [DEBUG] [org.gradle.launcher.daemon.server.SynchronizedDispatchConnection] thread 31: dispatching Success[value=org.gradle.launcher.exec.BuildActionResult@7ce7c01a]
2025-03-20T03:09:14.338+0700 [DEBUG] [org.gradle.launcher.daemon.server.DefaultIncomingConnectionHandler] Finishing executing command: Build{id=39f0d997-f08d-4041-b786-78573b04e7f8, currentDir=C:\Users\Thinkbook\AndroidStudioProjects\MyApplication3}
2025-03-20T03:09:15.137+0700 [DEBUG] [org.gradle.launcher.daemon.server.SynchronizedDispatchConnection] thread 32: received class org.gradle.launcher.daemon.protocol.Finished
2025-03-20T03:09:15.138+0700 [DEBUG] [org.gradle.launcher.daemon.server.DefaultDaemonConnection] thread 32: Received non-IO message from client: org.gradle.launcher.daemon.protocol.Finished@4b30a4e0
2025-03-20T03:09:15.138+0700 [DEBUG] [org.gradle.launcher.daemon.server.DefaultIncomingConnectionHandler] Received finished message: org.gradle.launcher.daemon.protocol.Finished@4b30a4e0
2025-03-20T03:09:15.138+0700 [DEBUG] [org.gradle.launcher.daemon.server.SynchronizedDispatchConnection] thread 31: stopping connection
2025-03-20T03:09:15.142+0700 [DEBUG] [org.gradle.internal.remote.internal.inet.SocketConnection] Discarding EOFException: java.io.EOFException
2025-03-20T03:09:15.142+0700 [DEBUG] [org.gradle.launcher.daemon.server.SynchronizedDispatchConnection] thread 32: received null
2025-03-20T03:09:15.143+0700 [DEBUG] [org.gradle.launcher.daemon.server.DefaultDaemonConnection] thread 32: Received end-of-input from client.
2025-03-20T03:09:15.144+0700 [DEBUG] [org.gradle.launcher.daemon.server.SynchronizedDispatchConnection] thread 31: stopping connection
2025-03-20T03:09:18.113+0700 [DEBUG] [org.gradle.cache.internal.DefaultFileLockManager] Waiting to acquire shared lock on daemon addresses registry.
2025-03-20T03:09:18.114+0700 [DEBUG] [org.gradle.cache.internal.DefaultFileLockManager] Lock acquired on daemon addresses registry.
2025-03-20T03:09:18.114+0700 [DEBUG] [org.gradle.cache.internal.DefaultFileLockManager] Releasing lock on daemon addresses registry.
2025-03-20T03:09:18.118+0700 [DEBUG] [org.gradle.cache.internal.DefaultFileLockManager] Waiting to acquire shared lock on daemon addresses registry.
2025-03-20T03:09:18.118+0700 [DEBUG] [org.gradle.cache.internal.DefaultFileLockManager] Lock acquired on daemon addresses registry.
2025-03-20T03:09:18.118+0700 [DEBUG] [org.gradle.cache.internal.DefaultFileLockManager] Releasing lock on daemon addresses registry.
2025-03-20T03:09:19.741+0700 [DEBUG] [org.gradle.process.internal.health.memory.DefaultMemoryManager] 629826355 physical memory requested, 408854528 free
2025-03-20T03:09:19.741+0700 [DEBUG] [org.gradle.workers.internal.WorkerDaemonExpiration] Will attempt to release 600 of memory
2025-03-20T03:09:19.741+0700 [DEBUG] [org.gradle.process.internal.health.memory.DefaultMemoryManager] 629826355 physical memory requested, 0 released, 408854528 free
2025-03-20T03:09:24.749+0700 [DEBUG] [org.gradle.process.internal.health.memory.DefaultMemoryManager] 629826355 physical memory requested, 606547968 free
2025-03-20T03:09:24.750+0700 [DEBUG] [org.gradle.workers.internal.WorkerDaemonExpiration] Will attempt to release 600 of memory
2025-03-20T03:09:24.750+0700 [DEBUG] [org.gradle.process.internal.health.memory.DefaultMemoryManager] 629826355 physical memory requested, 0 released, 606547968 free
2025-03-20T03:09:28.109+0700 [DEBUG] [org.gradle.cache.internal.DefaultFileLockManager] Waiting to acquire shared lock on daemon addresses registry.
2025-03-20T03:09:28.110+0700 [DEBUG] [org.gradle.cache.internal.DefaultFileLockManager] Lock acquired on daemon addresses registry.
2025-03-20T03:09:28.110+0700 [DEBUG] [org.gradle.cache.internal.DefaultFileLockManager] Releasing lock on daemon addresses registry.
2025-03-20T03:09:28.112+0700 [DEBUG] [org.gradle.cache.internal.DefaultFileLockManager] Waiting to acquire shared lock on daemon addresses registry.
2025-03-20T03:09:28.113+0700 [DEBUG] [org.gradle.cache.internal.DefaultFileLockManager] Lock acquired on daemon addresses registry.
2025-03-20T03:09:28.113+0700 [DEBUG] [org.gradle.cache.internal.DefaultFileLockManager] Releasing lock on daemon addresses registry.
2025-03-20T03:09:28.116+0700 [DEBUG] [org.gradle.cache.internal.DefaultFileLockManager] Waiting to acquire shared lock on daemon addresses registry.
2025-03-20T03:09:28.116+0700 [DEBUG] [org.gradle.cache.internal.DefaultFileLockManager] Lock acquired on daemon addresses registry.
2025-03-20T03:09:28.117+0700 [DEBUG] [org.gradle.cache.internal.DefaultFileLockManager] Releasing lock on daemon addresses registry.
2025-03-20T03:09:29.748+0700 [DEBUG] [org.gradle.process.internal.health.memory.DefaultMemoryManager] 629826355 physical memory requested, 585863168 free
2025-03-20T03:09:29.749+0700 [DEBUG] [org.gradle.workers.internal.WorkerDaemonExpiration] Will attempt to release 600 of memory
2025-03-20T03:09:29.749+0700 [DEBUG] [org.gradle.process.internal.health.memory.DefaultMemoryManager] 629826355 physical memory requested, 0 released, 585863168 free
2025-03-20T03:09:34.741+0700 [DEBUG] [org.gradle.process.internal.health.memory.DefaultMemoryManager] 629826355 physical memory requested, 531890176 free
2025-03-20T03:09:34.741+0700 [DEBUG] [org.gradle.workers.internal.WorkerDaemonExpiration] Will attempt to release 600 of memory
2025-03-20T03:09:34.741+0700 [DEBUG] [org.gradle.process.internal.health.memory.DefaultMemoryManager] 629826355 physical memory requested, 0 released, 531890176 free
2025-03-20T03:09:38.100+0700 [DEBUG] [org.gradle.cache.internal.DefaultFileLockManager] Waiting to acquire shared lock on daemon addresses registry.
2025-03-20T03:09:38.101+0700 [DEBUG] [org.gradle.cache.internal.DefaultFileLockManager] Lock acquired on daemon addresses registry.
2025-03-20T03:09:38.101+0700 [DEBUG] [org.gradle.cache.internal.DefaultFileLockManager] Releasing lock on daemon addresses registry.
2025-03-20T03:09:38.105+0700 [DEBUG] [org.gradle.cache.internal.DefaultFileLockManager] Waiting to acquire shared lock on daemon addresses registry.
2025-03-20T03:09:38.106+0700 [DEBUG] [org.gradle.cache.internal.DefaultFileLockManager] Lock acquired on daemon addresses registry.
2025-03-20T03:09:38.106+0700 [DEBUG] [org.gradle.cache.internal.DefaultFileLockManager] Releasing lock on daemon addresses registry.
2025-03-20T03:09:38.113+0700 [DEBUG] [org.gradle.cache.internal.DefaultFileLockManager] Waiting to acquire shared lock on daemon addresses registry.
2025-03-20T03:09:38.113+0700 [DEBUG] [org.gradle.cache.internal.DefaultFileLockManager] Lock acquired on daemon addresses registry.
2025-03-20T03:09:38.114+0700 [DEBUG] [org.gradle.cache.internal.DefaultFileLockManager] Releasing lock on daemon addresses registry.
2025-03-20T03:09:39.757+0700 [DEBUG] [org.gradle.process.internal.health.memory.DefaultMemoryManager] 629826355 physical memory requested, 356118528 free
2025-03-20T03:09:39.758+0700 [DEBUG] [org.gradle.workers.internal.WorkerDaemonExpiration] Will attempt to release 600 of memory
2025-03-20T03:09:39.758+0700 [DEBUG] [org.gradle.process.internal.health.memory.DefaultMemoryManager] 629826355 physical memory requested, 0 released, 356118528 free
2025-03-20T03:09:44.748+0700 [DEBUG] [org.gradle.process.internal.health.memory.DefaultMemoryManager] 629826355 physical memory requested, 515653632 free
2025-03-20T03:09:44.748+0700 [DEBUG] [org.gradle.workers.internal.WorkerDaemonExpiration] Will attempt to release 600 of memory
2025-03-20T03:09:44.749+0700 [DEBUG] [org.gradle.process.internal.health.memory.DefaultMemoryManager] 629826355 physical memory requested, 0 released, 515653632 free
2025-03-20T03:09:48.099+0700 [DEBUG] [org.gradle.cache.internal.DefaultFileLockManager] Waiting to acquire shared lock on daemon addresses registry.
2025-03-20T03:09:48.100+0700 [DEBUG] [org.gradle.cache.internal.DefaultFileLockManager] Lock acquired on daemon addresses registry.
2025-03-20T03:09:48.101+0700 [DEBUG] [org.gradle.cache.internal.DefaultFileLockManager] Releasing lock on daemon addresses registry.
2025-03-20T03:09:48.104+0700 [DEBUG] [org.gradle.cache.internal.DefaultFileLockManager] Waiting to acquire shared lock on daemon addresses registry.
2025-03-20T03:09:48.105+0700 [DEBUG] [org.gradle.cache.internal.DefaultFileLockManager] Lock acquired on daemon addresses registry.
2025-03-20T03:09:48.105+0700 [DEBUG] [org.gradle.cache.internal.DefaultFileLockManager] Releasing lock on daemon addresses registry.
2025-03-20T03:09:48.108+0700 [DEBUG] [org.gradle.cache.internal.DefaultFileLockManager] Waiting to acquire shared lock on daemon addresses registry.
2025-03-20T03:09:48.109+0700 [DEBUG] [org.gradle.cache.internal.DefaultFileLockManager] Lock acquired on daemon addresses registry.
2025-03-20T03:09:48.110+0700 [DEBUG] [org.gradle.cache.internal.DefaultFileLockManager] Releasing lock on daemon addresses registry.
2025-03-20T03:09:49.743+0700 [DEBUG] [org.gradle.process.internal.health.memory.DefaultMemoryManager] 629826355 physical memory requested, 363114496 free
2025-03-20T03:09:49.744+0700 [DEBUG] [org.gradle.workers.internal.WorkerDaemonExpiration] Will attempt to release 600 of memory
2025-03-20T03:09:49.746+0700 [DEBUG] [org.gradle.process.internal.health.memory.DefaultMemoryManager] 629826355 physical memory requested, 0 released, 363114496 free
2025-03-20T03:09:54.798+0700 [DEBUG] [org.gradle.process.internal.health.memory.DefaultMemoryManager] 629826355 physical memory requested, 412745728 free
2025-03-20T03:09:54.798+0700 [DEBUG] [org.gradle.workers.internal.WorkerDaemonExpiration] Will attempt to release 600 of memory
2025-03-20T03:09:54.798+0700 [DEBUG] [org.gradle.process.internal.health.memory.DefaultMemoryManager] 629826355 physical memory requested, 0 released, 412745728 free
2025-03-20T03:09:58.111+0700 [DEBUG] [org.gradle.cache.internal.DefaultFileLockManager] Waiting to acquire shared lock on daemon addresses registry.
2025-03-20T03:09:58.111+0700 [DEBUG] [org.gradle.cache.internal.DefaultFileLockManager] Lock acquired on daemon addresses registry.
2025-03-20T03:09:58.112+0700 [DEBUG] [org.gradle.cache.internal.DefaultFileLockManager] Releasing lock on daemon addresses registry.
2025-03-20T03:09:58.123+0700 [DEBUG] [org.gradle.cache.internal.DefaultFileLockManager] Waiting to acquire shared lock on daemon addresses registry.
2025-03-20T03:09:58.124+0700 [DEBUG] [org.gradle.cache.internal.DefaultFileLockManager] Lock acquired on daemon addresses registry.
2025-03-20T03:09:58.125+0700 [DEBUG] [org.gradle.cache.internal.DefaultFileLockManager] Releasing lock on daemon addresses registry.
2025-03-20T03:09:58.128+0700 [DEBUG] [org.gradle.cache.internal.DefaultFileLockManager] Waiting to acquire shared lock on daemon addresses registry.
2025-03-20T03:09:58.129+0700 [DEBUG] [org.gradle.cache.internal.DefaultFileLockManager] Lock acquired on daemon addresses registry.
2025-03-20T03:09:58.129+0700 [DEBUG] [org.gradle.cache.internal.DefaultFileLockManager] Releasing lock on daemon addresses registry.
2025-03-20T03:09:59.738+0700 [DEBUG] [org.gradle.process.internal.health.memory.DefaultMemoryManager] 629826355 physical memory requested, 374509568 free
2025-03-20T03:09:59.739+0700 [DEBUG] [org.gradle.workers.internal.WorkerDaemonExpiration] Will attempt to release 600 of memory
2025-03-20T03:09:59.739+0700 [DEBUG] [org.gradle.process.internal.health.memory.DefaultMemoryManager] 629826355 physical memory requested, 0 released, 374509568 free
2025-03-20T03:10:04.736+0700 [DEBUG] [org.gradle.process.internal.health.memory.DefaultMemoryManager] 629826355 physical memory requested, 415924224 free
2025-03-20T03:10:05.237+0700 [DEBUG] [org.gradle.workers.internal.WorkerDaemonExpiration] Will attempt to release 600 of memory
2025-03-20T03:10:05.238+0700 [DEBUG] [org.gradle.process.internal.health.memory.DefaultMemoryManager] 629826355 physical memory requested, 0 released, 415924224 free
2025-03-20T03:10:08.098+0700 [DEBUG] [org.gradle.cache.internal.DefaultFileLockManager] Waiting to acquire shared lock on daemon addresses registry.
2025-03-20T03:10:08.098+0700 [DEBUG] [org.gradle.cache.internal.DefaultFileLockManager] Lock acquired on daemon addresses registry.
2025-03-20T03:10:08.099+0700 [DEBUG] [org.gradle.cache.internal.DefaultFileLockManager] Releasing lock on daemon addresses registry.
2025-03-20T03:10:08.104+0700 [DEBUG] [org.gradle.cache.internal.DefaultFileLockManager] Waiting to acquire shared lock on daemon addresses registry.
2025-03-20T03:10:08.104+0700 [DEBUG] [org.gradle.cache.internal.DefaultFileLockManager] Lock acquired on daemon addresses registry.
2025-03-20T03:10:08.105+0700 [DEBUG] [org.gradle.cache.internal.DefaultFileLockManager] Releasing lock on daemon addresses registry.
2025-03-20T03:10:08.108+0700 [DEBUG] [org.gradle.cache.internal.DefaultFileLockManager] Waiting to acquire shared lock on daemon addresses registry.
2025-03-20T03:10:08.109+0700 [DEBUG] [org.gradle.cache.internal.DefaultFileLockManager] Lock acquired on daemon addresses registry.
2025-03-20T03:10:08.109+0700 [DEBUG] [org.gradle.cache.internal.DefaultFileLockManager] Releasing lock on daemon addresses registry.
2025-03-20T03:10:09.748+0700 [DEBUG] [org.gradle.process.internal.health.memory.DefaultMemoryManager] 629826355 physical memory requested, 420143104 free
2025-03-20T03:10:09.748+0700 [DEBUG] [org.gradle.workers.internal.WorkerDaemonExpiration] Will attempt to release 600 of memory
2025-03-20T03:10:09.749+0700 [DEBUG] [org.gradle.process.internal.health.memory.DefaultMemoryManager] 629826355 physical memory requested, 0 released, 420143104 free
2025-03-20T03:10:14.745+0700 [DEBUG] [org.gradle.process.internal.health.memory.DefaultMemoryManager] 629826355 physical memory requested, 510119936 free
2025-03-20T03:10:14.745+0700 [DEBUG] [org.gradle.workers.internal.WorkerDaemonExpiration] Will attempt to release 600 of memory
2025-03-20T03:10:14.745+0700 [DEBUG] [org.gradle.process.internal.health.memory.DefaultMemoryManager] 629826355 physical memory requested, 0 released, 510119936 free
2025-03-20T03:10:18.296+0700 [DEBUG] [org.gradle.cache.internal.DefaultFileLockManager] Waiting to acquire shared lock on daemon addresses registry.
2025-03-20T03:10:18.400+0700 [DEBUG] [org.gradle.cache.internal.DefaultFileLockManager] Lock acquired on daemon addresses registry.
2025-03-20T03:10:18.400+0700 [DEBUG] [org.gradle.cache.internal.DefaultFileLockManager] Releasing lock on daemon addresses registry.
2025-03-20T03:10:18.403+0700 [DEBUG] [org.gradle.cache.internal.DefaultFileLockManager] Waiting to acquire shared lock on daemon addresses registry.
2025-03-20T03:10:18.893+0700 [DEBUG] [org.gradle.cache.internal.DefaultFileLockManager] Lock acquired on daemon addresses registry.
2025-03-20T03:10:18.894+0700 [DEBUG] [org.gradle.cache.internal.DefaultFileLockManager] Releasing lock on daemon addresses registry.
2025-03-20T03:10:18.905+0700 [DEBUG] [org.gradle.cache.internal.DefaultFileLockManager] Waiting to acquire shared lock on daemon addresses registry.
2025-03-20T03:10:18.906+0700 [DEBUG] [org.gradle.cache.internal.DefaultFileLockManager] Lock acquired on daemon addresses registry.
2025-03-20T03:10:18.908+0700 [DEBUG] [org.gradle.cache.internal.DefaultFileLockManager] Releasing lock on daemon addresses registry.
2025-03-20T03:10:19.843+0700 [DEBUG] [org.gradle.process.internal.health.memory.DefaultMemoryManager] 629826355 physical memory requested, 583401472 free
2025-03-20T03:10:19.845+0700 [DEBUG] [org.gradle.workers.internal.WorkerDaemonExpiration] Will attempt to release 600 of memory
2025-03-20T03:10:19.845+0700 [DEBUG] [org.gradle.process.internal.health.memory.DefaultMemoryManager] 629826355 physical memory requested, 0 released, 583401472 free
2025-03-20T03:10:28.099+0700 [DEBUG] [org.gradle.cache.internal.DefaultFileLockManager] Waiting to acquire shared lock on daemon addresses registry.
2025-03-20T03:10:28.101+0700 [DEBUG] [org.gradle.cache.internal.DefaultFileLockManager] Lock acquired on daemon addresses registry.
2025-03-20T03:10:28.101+0700 [DEBUG] [org.gradle.cache.internal.DefaultFileLockManager] Releasing lock on daemon addresses registry.
2025-03-20T03:10:28.108+0700 [DEBUG] [org.gradle.cache.internal.DefaultFileLockManager] Waiting to acquire shared lock on daemon addresses registry.
2025-03-20T03:10:28.113+0700 [DEBUG] [org.gradle.cache.internal.DefaultFileLockManager] Lock acquired on daemon addresses registry.
2025-03-20T03:10:28.113+0700 [DEBUG] [org.gradle.cache.internal.DefaultFileLockManager] Releasing lock on daemon addresses registry.
2025-03-20T03:10:28.116+0700 [DEBUG] [org.gradle.cache.internal.DefaultFileLockManager] Waiting to acquire shared lock on daemon addresses registry.
2025-03-20T03:10:28.117+0700 [DEBUG] [org.gradle.cache.internal.DefaultFileLockManager] Lock acquired on daemon addresses registry.
2025-03-20T03:10:28.118+0700 [DEBUG] [org.gradle.cache.internal.DefaultFileLockManager] Releasing lock on daemon addresses registry.
2025-03-20T03:10:29.754+0700 [DEBUG] [org.gradle.process.internal.health.memory.DefaultMemoryManager] 629826355 physical memory requested, 597209088 free
2025-03-20T03:10:29.754+0700 [DEBUG] [org.gradle.workers.internal.WorkerDaemonExpiration] Will attempt to release 600 of memory
2025-03-20T03:10:29.754+0700 [DEBUG] [org.gradle.process.internal.health.memory.DefaultMemoryManager] 629826355 physical memory requested, 0 released, 597209088 free
2025-03-20T03:10:34.746+0700 [DEBUG] [org.gradle.process.internal.health.memory.DefaultMemoryManager] 629826355 physical memory requested, 605294592 free
2025-03-20T03:10:34.746+0700 [DEBUG] [org.gradle.workers.internal.WorkerDaemonExpiration] Will attempt to release 600 of memory
2025-03-20T03:10:34.746+0700 [DEBUG] [org.gradle.process.internal.health.memory.DefaultMemoryManager] 629826355 physical memory requested, 0 released, 605294592 free
2025-03-20T03:10:38.108+0700 [DEBUG] [org.gradle.cache.internal.DefaultFileLockManager] Waiting to acquire shared lock on daemon addresses registry.
2025-03-20T03:10:38.108+0700 [DEBUG] [org.gradle.cache.internal.DefaultFileLockManager] Lock acquired on daemon addresses registry.
2025-03-20T03:10:38.109+0700 [DEBUG] [org.gradle.cache.internal.DefaultFileLockManager] Releasing lock on daemon addresses registry.
2025-03-20T03:10:38.112+0700 [DEBUG] [org.gradle.cache.internal.DefaultFileLockManager] Waiting to acquire shared lock on daemon addresses registry.
2025-03-20T03:10:38.113+0700 [DEBUG] [org.gradle.cache.internal.DefaultFileLockManager] Lock acquired on daemon addresses registry.
2025-03-20T03:10:38.113+0700 [DEBUG] [org.gradle.cache.internal.DefaultFileLockManager] Releasing lock on daemon addresses registry.
2025-03-20T03:10:38.116+0700 [DEBUG] [org.gradle.cache.internal.DefaultFileLockManager] Waiting to acquire shared lock on daemon addresses registry.
2025-03-20T03:10:38.117+0700 [DEBUG] [org.gradle.cache.internal.DefaultFileLockManager] Lock acquired on daemon addresses registry.
2025-03-20T03:10:38.117+0700 [DEBUG] [org.gradle.cache.internal.DefaultFileLockManager] Releasing lock on daemon addresses registry.
2025-03-20T03:10:39.744+0700 [DEBUG] [org.gradle.process.internal.health.memory.DefaultMemoryManager] 629826355 physical memory requested, 295030784 free
2025-03-20T03:10:39.745+0700 [DEBUG] [org.gradle.workers.internal.WorkerDaemonExpiration] Will attempt to release 600 of memory
2025-03-20T03:10:39.745+0700 [DEBUG] [org.gradle.process.internal.health.memory.DefaultMemoryManager] 629826355 physical memory requested, 0 released, 295030784 free
2025-03-20T03:10:44.755+0700 [DEBUG] [org.gradle.process.internal.health.memory.DefaultMemoryManager] 629826355 physical memory requested, 323563520 free
2025-03-20T03:10:44.755+0700 [DEBUG] [org.gradle.workers.internal.WorkerDaemonExpiration] Will attempt to release 600 of memory
2025-03-20T03:10:44.756+0700 [DEBUG] [org.gradle.process.internal.health.memory.DefaultMemoryManager] 629826355 physical memory requested, 0 released, 323563520 free
2025-03-20T03:10:48.103+0700 [DEBUG] [org.gradle.cache.internal.DefaultFileLockManager] Waiting to acquire shared lock on daemon addresses registry.
2025-03-20T03:10:48.104+0700 [DEBUG] [org.gradle.cache.internal.DefaultFileLockManager] Lock acquired on daemon addresses registry.
2025-03-20T03:10:48.104+0700 [DEBUG] [org.gradle.cache.internal.DefaultFileLockManager] Releasing lock on daemon addresses registry.
2025-03-20T03:10:48.107+0700 [DEBUG] [org.gradle.cache.internal.DefaultFileLockManager] Waiting to acquire shared lock on daemon addresses registry.
2025-03-20T03:10:48.107+0700 [DEBUG] [org.gradle.cache.internal.DefaultFileLockManager] Lock acquired on daemon addresses registry.
2025-03-20T03:10:48.107+0700 [DEBUG] [org.gradle.cache.internal.DefaultFileLockManager] Releasing lock on daemon addresses registry.
2025-03-20T03:10:48.110+0700 [DEBUG] [org.gradle.cache.internal.DefaultFileLockManager] Waiting to acquire shared lock on daemon addresses registry.
2025-03-20T03:10:48.111+0700 [DEBUG] [org.gradle.cache.internal.DefaultFileLockManager] Lock acquired on daemon addresses registry.
2025-03-20T03:10:48.111+0700 [DEBUG] [org.gradle.cache.internal.DefaultFileLockManager] Releasing lock on daemon addresses registry.
2025-03-20T03:10:49.745+0700 [DEBUG] [org.gradle.process.internal.health.memory.DefaultMemoryManager] 629826355 physical memory requested, 217198592 free
2025-03-20T03:10:49.746+0700 [DEBUG] [org.gradle.workers.internal.WorkerDaemonExpiration] Will attempt to release 600 of memory
2025-03-20T03:10:49.746+0700 [DEBUG] [org.gradle.process.internal.health.memory.DefaultMemoryManager] 629826355 physical memory requested, 0 released, 217198592 free
2025-03-20T03:10:54.822+0700 [DEBUG] [org.gradle.process.internal.health.memory.DefaultMemoryManager] 629826355 physical memory requested, 319635456 free
2025-03-20T03:10:54.822+0700 [DEBUG] [org.gradle.workers.internal.WorkerDaemonExpiration] Will attempt to release 600 of memory
2025-03-20T03:10:54.822+0700 [DEBUG] [org.gradle.process.internal.health.memory.DefaultMemoryManager] 629826355 physical memory requested, 0 released, 319635456 free
2025-03-20T03:10:58.113+0700 [DEBUG] [org.gradle.cache.internal.DefaultFileLockManager] Waiting to acquire shared lock on daemon addresses registry.
2025-03-20T03:10:58.113+0700 [DEBUG] [org.gradle.cache.internal.DefaultFileLockManager] Lock acquired on daemon addresses registry.
2025-03-20T03:10:58.114+0700 [DEBUG] [org.gradle.cache.internal.DefaultFileLockManager] Releasing lock on daemon addresses registry.
2025-03-20T03:10:58.116+0700 [DEBUG] [org.gradle.cache.internal.DefaultFileLockManager] Waiting to acquire shared lock on daemon addresses registry.
2025-03-20T03:10:58.116+0700 [DEBUG] [org.gradle.cache.internal.DefaultFileLockManager] Lock acquired on daemon addresses registry.
2025-03-20T03:10:58.117+0700 [DEBUG] [org.gradle.cache.internal.DefaultFileLockManager] Releasing lock on daemon addresses registry.
2025-03-20T03:10:58.263+0700 [DEBUG] [org.gradle.cache.internal.DefaultFileLockManager] Waiting to acquire shared lock on daemon addresses registry.
2025-03-20T03:10:58.264+0700 [DEBUG] [org.gradle.cache.internal.DefaultFileLockManager] Lock acquired on daemon addresses registry.
2025-03-20T03:10:58.273+0700 [DEBUG] [org.gradle.cache.internal.DefaultFileLockManager] Releasing lock on daemon addresses registry.
2025-03-20T03:10:59.739+0700 [DEBUG] [org.gradle.process.internal.health.memory.DefaultMemoryManager] 629826355 physical memory requested, 435134464 free
2025-03-20T03:10:59.740+0700 [DEBUG] [org.gradle.workers.internal.WorkerDaemonExpiration] Will attempt to release 600 of memory
2025-03-20T03:10:59.740+0700 [DEBUG] [org.gradle.process.internal.health.memory.DefaultMemoryManager] 629826355 physical memory requested, 0 released, 435134464 free
2025-03-20T03:11:04.741+0700 [DEBUG] [org.gradle.process.internal.health.memory.DefaultMemoryManager] 629826355 physical memory requested, 291147776 free
2025-03-20T03:11:04.742+0700 [DEBUG] [org.gradle.workers.internal.WorkerDaemonExpiration] Will attempt to release 600 of memory
2025-03-20T03:11:04.744+0700 [DEBUG] [org.gradle.process.internal.health.memory.DefaultMemoryManager] 629826355 physical memory requested, 0 released, 291147776 free
2025-03-20T03:11:08.118+0700 [DEBUG] [org.gradle.cache.internal.DefaultFileLockManager] Waiting to acquire shared lock on daemon addresses registry.
2025-03-20T03:11:08.118+0700 [DEBUG] [org.gradle.cache.internal.DefaultFileLockManager] Lock acquired on daemon addresses registry.
2025-03-20T03:11:08.122+0700 [DEBUG] [org.gradle.cache.internal.DefaultFileLockManager] Releasing lock on daemon addresses registry.
2025-03-20T03:11:08.127+0700 [DEBUG] [org.gradle.cache.internal.DefaultFileLockManager] Waiting to acquire shared lock on daemon addresses registry.
2025-03-20T03:11:08.127+0700 [DEBUG] [org.gradle.cache.internal.DefaultFileLockManager] Lock acquired on daemon addresses registry.
2025-03-20T03:11:08.128+0700 [DEBUG] [org.gradle.cache.internal.DefaultFileLockManager] Releasing lock on daemon addresses registry.
2025-03-20T03:11:08.131+0700 [DEBUG] [org.gradle.cache.internal.DefaultFileLockManager] Waiting to acquire shared lock on daemon addresses registry.
2025-03-20T03:11:08.132+0700 [DEBUG] [org.gradle.cache.internal.DefaultFileLockManager] Lock acquired on daemon addresses registry.
2025-03-20T03:11:08.134+0700 [DEBUG] [org.gradle.cache.internal.DefaultFileLockManager] Releasing lock on daemon addresses registry.
2025-03-20T03:11:10.264+0700 [DEBUG] [org.gradle.process.internal.health.memory.DefaultMemoryManager] 629826355 physical memory requested, 344682496 free
2025-03-20T03:11:10.269+0700 [DEBUG] [org.gradle.workers.internal.WorkerDaemonExpiration] Will attempt to release 600 of memory
2025-03-20T03:11:10.269+0700 [DEBUG] [org.gradle.process.internal.health.memory.DefaultMemoryManager] 629826355 physical memory requested, 0 released, 344682496 free
2025-03-20T03:11:14.820+0700 [DEBUG] [org.gradle.process.internal.health.memory.DefaultMemoryManager] 629826355 physical memory requested, 250949632 free
2025-03-20T03:11:14.820+0700 [DEBUG] [org.gradle.workers.internal.WorkerDaemonExpiration] Will attempt to release 600 of memory
2025-03-20T03:11:14.821+0700 [DEBUG] [org.gradle.process.internal.health.memory.DefaultMemoryManager] 629826355 physical memory requested, 0 released, 250949632 free
2025-03-20T03:11:18.103+0700 [DEBUG] [org.gradle.cache.internal.DefaultFileLockManager] Waiting to acquire shared lock on daemon addresses registry.
2025-03-20T03:11:18.105+0700 [DEBUG] [org.gradle.cache.internal.DefaultFileLockManager] Lock acquired on daemon addresses registry.
2025-03-20T03:11:18.106+0700 [DEBUG] [org.gradle.cache.internal.DefaultFileLockManager] Releasing lock on daemon addresses registry.
2025-03-20T03:11:18.114+0700 [DEBUG] [org.gradle.cache.internal.DefaultFileLockManager] Waiting to acquire shared lock on daemon addresses registry.
2025-03-20T03:11:18.114+0700 [DEBUG] [org.gradle.cache.internal.DefaultFileLockManager] Lock acquired on daemon addresses registry.
2025-03-20T03:11:18.115+0700 [DEBUG] [org.gradle.cache.internal.DefaultFileLockManager] Releasing lock on daemon addresses registry.
2025-03-20T03:11:18.117+0700 [DEBUG] [org.gradle.cache.internal.DefaultFileLockManager] Waiting to acquire shared lock on daemon addresses registry.
2025-03-20T03:11:18.118+0700 [DEBUG] [org.gradle.cache.internal.DefaultFileLockManager] Lock acquired on daemon addresses registry.
2025-03-20T03:11:18.121+0700 [DEBUG] [org.gradle.cache.internal.DefaultFileLockManager] Releasing lock on daemon addresses registry.
2025-03-20T03:11:19.743+0700 [DEBUG] [org.gradle.process.internal.health.memory.DefaultMemoryManager] 629826355 physical memory requested, 421076992 free
2025-03-20T03:11:19.744+0700 [DEBUG] [org.gradle.workers.internal.WorkerDaemonExpiration] Will attempt to release 600 of memory
2025-03-20T03:11:19.759+0700 [DEBUG] [org.gradle.process.internal.health.memory.DefaultMemoryManager] 629826355 physical memory requested, 0 released, 421076992 free
2025-03-20T03:11:24.739+0700 [DEBUG] [org.gradle.process.internal.health.memory.DefaultMemoryManager] 629826355 physical memory requested, 479506432 free
2025-03-20T03:11:24.739+0700 [DEBUG] [org.gradle.workers.internal.WorkerDaemonExpiration] Will attempt to release 600 of memory
2025-03-20T03:11:24.740+0700 [DEBUG] [org.gradle.process.internal.health.memory.DefaultMemoryManager] 629826355 physical memory requested, 0 released, 479506432 free
2025-03-20T03:11:28.106+0700 [DEBUG] [org.gradle.cache.internal.DefaultFileLockManager] Waiting to acquire shared lock on daemon addresses registry.
2025-03-20T03:11:28.107+0700 [DEBUG] [org.gradle.cache.internal.DefaultFileLockManager] Lock acquired on daemon addresses registry.
2025-03-20T03:11:28.108+0700 [DEBUG] [org.gradle.cache.internal.DefaultFileLockManager] Releasing lock on daemon addresses registry.
2025-03-20T03:11:28.111+0700 [DEBUG] [org.gradle.cache.internal.DefaultFileLockManager] Waiting to acquire shared lock on daemon addresses registry.
2025-03-20T03:11:28.111+0700 [DEBUG] [org.gradle.cache.internal.DefaultFileLockManager] Lock acquired on daemon addresses registry.
2025-03-20T03:11:28.113+0700 [DEBUG] [org.gradle.cache.internal.DefaultFileLockManager] Releasing lock on daemon addresses registry.
2025-03-20T03:11:28.116+0700 [DEBUG] [org.gradle.cache.internal.DefaultFileLockManager] Waiting to acquire shared lock on daemon addresses registry.
2025-03-20T03:11:28.116+0700 [DEBUG] [org.gradle.cache.internal.DefaultFileLockManager] Lock acquired on daemon addresses registry.
2025-03-20T03:11:28.117+0700 [DEBUG] [org.gradle.cache.internal.DefaultFileLockManager] Releasing lock on daemon addresses registry.
2025-03-20T03:11:29.743+0700 [DEBUG] [org.gradle.process.internal.health.memory.DefaultMemoryManager] 629826355 physical memory requested, 468221952 free
2025-03-20T03:11:29.744+0700 [DEBUG] [org.gradle.workers.internal.WorkerDaemonExpiration] Will attempt to release 600 of memory
2025-03-20T03:11:29.744+0700 [DEBUG] [org.gradle.process.internal.health.memory.DefaultMemoryManager] 629826355 physical memory requested, 0 released, 468221952 free
2025-03-20T03:11:34.740+0700 [DEBUG] [org.gradle.process.internal.health.memory.DefaultMemoryManager] 629826355 physical memory requested, 437620736 free
2025-03-20T03:11:34.741+0700 [DEBUG] [org.gradle.workers.internal.WorkerDaemonExpiration] Will attempt to release 600 of memory
2025-03-20T03:11:34.742+0700 [DEBUG] [org.gradle.process.internal.health.memory.DefaultMemoryManager] 629826355 physical memory requested, 0 released, 437620736 free
2025-03-20T03:11:36.632+0700 [DEBUG] [org.gradle.internal.remote.internal.inet.TcpIncomingConnector] Accepted connection from /127.0.0.1:57670 to /127.0.0.1:56202.
2025-03-20T03:11:38.097+0700 [DEBUG] [org.gradle.cache.internal.DefaultFileLockManager] Waiting to acquire shared lock on daemon addresses registry.
2025-03-20T03:11:38.098+0700 [DEBUG] [org.gradle.cache.internal.DefaultFileLockManager] Lock acquired on daemon addresses registry.
2025-03-20T03:11:38.098+0700 [DEBUG] [org.gradle.cache.internal.DefaultFileLockManager] Releasing lock on daemon addresses registry.
2025-03-20T03:11:38.157+0700 [DEBUG] [org.gradle.cache.internal.DefaultFileLockManager] Waiting to acquire shared lock on daemon addresses registry.
2025-03-20T03:11:38.157+0700 [DEBUG] [org.gradle.cache.internal.DefaultFileLockManager] Lock acquired on daemon addresses registry.
2025-03-20T03:11:38.158+0700 [DEBUG] [org.gradle.cache.internal.DefaultFileLockManager] Releasing lock on daemon addresses registry.
2025-03-20T03:11:38.160+0700 [DEBUG] [org.gradle.cache.internal.DefaultFileLockManager] Waiting to acquire shared lock on daemon addresses registry.
2025-03-20T03:11:38.160+0700 [DEBUG] [org.gradle.cache.internal.DefaultFileLockManager] Lock acquired on daemon addresses registry.
2025-03-20T03:11:38.160+0700 [DEBUG] [org.gradle.cache.internal.DefaultFileLockManager] Releasing lock on daemon addresses registry.
2025-03-20T03:11:40.312+0700 [DEBUG] [org.gradle.process.internal.health.memory.DefaultMemoryManager] 629826355 physical memory requested, 531492864 free
2025-03-20T03:11:40.313+0700 [DEBUG] [org.gradle.workers.internal.WorkerDaemonExpiration] Will attempt to release 600 of memory
2025-03-20T03:11:40.313+0700 [DEBUG] [org.gradle.process.internal.health.memory.DefaultMemoryManager] 629826355 physical memory requested, 0 released, 531492864 free
2025-03-20T03:11:44.040+0700 [DEBUG] [org.gradle.launcher.daemon.server.SynchronizedDispatchConnection] thread 127: received class org.gradle.launcher.daemon.protocol.StopWhenIdle
2025-03-20T03:11:44.059+0700 [DEBUG] [org.gradle.launcher.daemon.server.DefaultDaemonConnection] thread 127: Received non-IO message from client: StopWhenIdle[id=2830207b-c83f-4816-a9a9-0dbe8e8127a5]
2025-03-20T03:11:44.074+0700 [INFO] [org.gradle.launcher.daemon.server.DefaultIncomingConnectionHandler] Received command: StopWhenIdle[id=2830207b-c83f-4816-a9a9-0dbe8e8127a5].
2025-03-20T03:11:44.078+0700 [DEBUG] [org.gradle.launcher.daemon.server.DefaultIncomingConnectionHandler] Starting executing command: StopWhenIdle[id=2830207b-c83f-4816-a9a9-0dbe8e8127a5] with connection: socket connection from /127.0.0.1:56202 to /127.0.0.1:57670.
2025-03-20T03:11:44.303+0700 [DEBUG] [org.gradle.launcher.daemon.server.DaemonRegistryUpdater] Storing daemon stop event: stop command received
2025-03-20T03:11:44.748+0700 [DEBUG] [org.gradle.process.internal.health.memory.DefaultMemoryManager] 629826355 physical memory requested, 558800896 free
2025-03-20T03:11:44.749+0700 [DEBUG] [org.gradle.workers.internal.WorkerDaemonExpiration] Will attempt to release 600 of memory
2025-03-20T03:11:44.752+0700 [DEBUG] [org.gradle.process.internal.health.memory.DefaultMemoryManager] 629826355 physical memory requested, 0 released, 558800896 free
2025-03-20T03:11:45.519+0700 [DEBUG] [org.gradle.launcher.daemon.registry.PersistentDaemonRegistry] Storing daemon stop event with timestamp 1742415104320
2025-03-20T03:11:45.718+0700 [DEBUG] [org.gradle.cache.internal.DefaultFileLockManager] Waiting to acquire exclusive lock on daemon addresses registry.
2025-03-20T03:11:45.755+0700 [DEBUG] [org.gradle.cache.internal.DefaultFileLockManager] Lock acquired on daemon addresses registry.
2025-03-20T03:11:45.794+0700 [DEBUG] [org.gradle.cache.internal.DefaultFileLockManager] Releasing lock on daemon addresses registry.
2025-03-20T03:11:45.801+0700 [LIFECYCLE] [org.gradle.launcher.daemon.server.DaemonStateCoordinator] Daemon will be stopped at the end of the build stop command received
2025-03-20T03:11:45.816+0700 [DEBUG] [org.gradle.launcher.daemon.server.DaemonStateCoordinator] Marking daemon stopped due to stop command received. The daemon is running a build: false
2025-03-20T03:11:45.829+0700 [DEBUG] [org.gradle.launcher.daemon.server.DaemonStateCoordinator] daemon has stopped.
2025-03-20T03:11:45.837+0700 [DEBUG] [org.gradle.launcher.daemon.server.SynchronizedDispatchConnection] thread 126: dispatching Success[value=null]
2025-03-20T03:11:45.837+0700 [DEBUG] [org.gradle.launcher.daemon.server.Daemon] stop() called on daemon
2025-03-20T03:11:45.843+0700 [INFO] [org.gradle.launcher.daemon.server.Daemon] Stop requested. Daemon is removing its presence from the registry...
2025-03-20T03:11:45.847+0700 [DEBUG] [org.gradle.launcher.daemon.server.DefaultIncomingConnectionHandler] Finishing executing command: StopWhenIdle[id=2830207b-c83f-4816-a9a9-0dbe8e8127a5]
2025-03-20T03:11:45.849+0700 [DEBUG] [org.gradle.launcher.daemon.server.SynchronizedDispatchConnection] thread 127: received class org.gradle.launcher.daemon.protocol.Finished
2025-03-20T03:11:45.850+0700 [DEBUG] [org.gradle.launcher.daemon.server.DefaultDaemonConnection] thread 127: Received non-IO message from client: org.gradle.launcher.daemon.protocol.Finished@3349b750
2025-03-20T03:11:45.851+0700 [DEBUG] [org.gradle.launcher.daemon.server.DefaultIncomingConnectionHandler] Received finished message: org.gradle.launcher.daemon.protocol.Finished@3349b750
2025-03-20T03:11:45.856+0700 [DEBUG] [org.gradle.launcher.daemon.server.SynchronizedDispatchConnection] thread 126: stopping connection
2025-03-20T03:11:45.869+0700 [DEBUG] [org.gradle.internal.remote.internal.inet.SocketConnection] Discarding EOFException: java.io.EOFException
2025-03-20T03:11:45.869+0700 [DEBUG] [org.gradle.launcher.daemon.server.SynchronizedDispatchConnection] thread 127: received null
2025-03-20T03:11:45.870+0700 [DEBUG] [org.gradle.launcher.daemon.server.DefaultDaemonConnection] thread 127: Received end-of-input from client.
2025-03-20T03:11:45.877+0700 [DEBUG] [org.gradle.launcher.daemon.server.SynchronizedDispatchConnection] thread 126: stopping connection
2025-03-20T03:11:45.880+0700 [DEBUG] [org.gradle.launcher.daemon.server.DaemonRegistryUpdater] Removing our presence to clients, eg. removing this address from the registry: [98727af4-1a0a-4ac2-91b7-9d88f1a9ec0b port:56202, addresses:[localhost/127.0.0.1]]
2025-03-20T03:11:45.892+0700 [DEBUG] [org.gradle.launcher.daemon.registry.PersistentDaemonRegistry] Removing daemon address: [98727af4-1a0a-4ac2-91b7-9d88f1a9ec0b port:56202, addresses:[localhost/127.0.0.1]]
2025-03-20T03:11:46.117+0700 [DEBUG] [org.gradle.cache.internal.DefaultFileLockManager] Waiting to acquire exclusive lock on daemon addresses registry.
2025-03-20T03:11:46.121+0700 [DEBUG] [org.gradle.cache.internal.DefaultFileLockManager] Lock acquired on daemon addresses registry.
2025-03-20T03:11:46.163+0700 [DEBUG] [org.gradle.cache.internal.DefaultFileLockManager] Releasing lock on daemon addresses registry.
2025-03-20T03:11:46.171+0700 [DEBUG] [org.gradle.launcher.daemon.server.DaemonRegistryUpdater] Address removed from registry.
2025-03-20T03:11:46.451+0700 [DEBUG] [org.gradle.cache.internal.LockOnDemandCrossProcessCacheAccess] Releasing file lock for jars (C:\Users\Thinkbook\AndroidStudioProjects\MyApplication3\caches\jars-9)
2025-03-20T03:11:46.455+0700 [DEBUG] [org.gradle.cache.internal.DefaultFileLockManager] Releasing lock on jars (C:\Users\Thinkbook\AndroidStudioProjects\MyApplication3\caches\jars-9).
2025-03-20T03:11:46.581+0700 [DEBUG] [org.gradle.cache.internal.LockOnDemandCrossProcessCacheAccess] Releasing file lock for Artifact transforms cache (C:\Users\Thinkbook\AndroidStudioProjects\MyApplication3\caches\transforms-3)
2025-03-20T03:11:46.600+0700 [DEBUG] [org.gradle.cache.internal.DefaultFileLockManager] Releasing lock on Artifact transforms cache (C:\Users\Thinkbook\AndroidStudioProjects\MyApplication3\caches\transforms-3).
2025-03-20T03:11:46.674+0700 [DEBUG] [org.gradle.cache.internal.LockOnDemandCrossProcessCacheAccess] Releasing file lock for kotlin-dsl (C:\Users\Thinkbook\AndroidStudioProjects\MyApplication3\caches\8.4\kotlin-dsl)
2025-03-20T03:11:46.690+0700 [DEBUG] [org.gradle.cache.internal.btree.BTreePersistentIndexedCache] Closing cache executionHistory.bin (C:\Users\Thinkbook\AndroidStudioProjects\MyApplication3\caches\8.4\kotlin-dsl\executionHistory.bin)
2025-03-20T03:11:46.730+0700 [DEBUG] [org.gradle.cache.internal.DefaultFileLockManager] Releasing lock on kotlin-dsl (C:\Users\Thinkbook\AndroidStudioProjects\MyApplication3\caches\8.4\kotlin-dsl).
2025-03-20T03:11:47.676+0700 [DEBUG] [org.gradle.cache.internal.LockOnDemandCrossProcessCacheAccess] Releasing file lock for file content cache (C:\Users\Thinkbook\AndroidStudioProjects\MyApplication3\caches\8.4\fileContent)
2025-03-20T03:11:47.680+0700 [DEBUG] [org.gradle.cache.internal.DefaultFileLockManager] Releasing lock on file content cache (C:\Users\Thinkbook\AndroidStudioProjects\MyApplication3\caches\8.4\fileContent).
2025-03-20T03:11:48.027+0700 [DEBUG] [org.gradle.internal.watch.vfs.impl.WatchingVirtualFileSystem] Closing VFS, dropping state
2025-03-20T03:11:49.738+0700 [DEBUG] [org.gradle.process.internal.health.memory.DefaultMemoryManager] 629826355 physical memory requested, 354185216 free
2025-03-20T03:11:49.739+0700 [DEBUG] [org.gradle.process.internal.health.memory.DefaultMemoryManager] 629826355 physical memory requested, 0 released, 354185216 free
2025-03-20T03:11:51.034+0700 [DEBUG] [org.gradle.cache.internal.LockOnDemandCrossProcessCacheAccess] Releasing file lock for Generated Gradle JARs cache (C:\Users\Thinkbook\AndroidStudioProjects\MyApplication3\caches\8.4\generated-gradle-jars)
2025-03-20T03:11:51.035+0700 [DEBUG] [org.gradle.internal.watch.registry.impl.DefaultFileWatcherRegistry] Finished listening to file system change events
2025-03-20T03:11:51.035+0700 [DEBUG] [org.gradle.cache.internal.DefaultFileLockManager] Releasing lock on Generated Gradle JARs cache (C:\Users\Thinkbook\AndroidStudioProjects\MyApplication3\caches\8.4\generated-gradle-jars).
2025-03-20T03:11:51.053+0700 [DEBUG] [org.gradle.cache.internal.LockOnDemandCrossProcessCacheAccess] Releasing file lock for artifact cache (C:\Users\Thinkbook\AndroidStudioProjects\MyApplication3\caches\modules-2)
2025-03-20T03:11:51.055+0700 [DEBUG] [org.gradle.cache.internal.btree.BTreePersistentIndexedCache] Closing cache resource-at-url.bin (C:\Users\Thinkbook\AndroidStudioProjects\MyApplication3\caches\modules-2\metadata-2.106\resource-at-url.bin)
2025-03-20T03:11:51.059+0700 [DEBUG] [org.gradle.cache.internal.btree.BTreePersistentIndexedCache] Closing cache module-artifact.bin (C:\Users\Thinkbook\AndroidStudioProjects\MyApplication3\caches\modules-2\metadata-2.106\module-artifact.bin)
2025-03-20T03:11:51.065+0700 [DEBUG] [org.gradle.cache.internal.btree.BTreePersistentIndexedCache] Closing cache module-metadata.bin (C:\Users\Thinkbook\AndroidStudioProjects\MyApplication3\caches\modules-2\metadata-2.106\module-metadata.bin)
2025-03-20T03:11:51.067+0700 [DEBUG] [org.gradle.cache.internal.btree.BTreePersistentIndexedCache] Closing cache module-artifacts.bin (C:\Users\Thinkbook\AndroidStudioProjects\MyApplication3\caches\modules-2\metadata-2.106\module-artifacts.bin)
2025-03-20T03:11:51.071+0700 [DEBUG] [org.gradle.cache.internal.DefaultFileLockManager] Releasing lock on artifact cache (C:\Users\Thinkbook\AndroidStudioProjects\MyApplication3\caches\modules-2).
2025-03-20T03:11:51.095+0700 [DEBUG] [org.gradle.cache.internal.LockOnDemandCrossProcessCacheAccess] Releasing file lock for journal cache (C:\Users\Thinkbook\AndroidStudioProjects\MyApplication3\caches\journal-1)
2025-03-20T03:11:51.097+0700 [DEBUG] [org.gradle.cache.internal.btree.BTreePersistentIndexedCache] Closing cache file-access.bin (C:\Users\Thinkbook\AndroidStudioProjects\MyApplication3\caches\journal-1\file-access.bin)
2025-03-20T03:11:51.102+0700 [DEBUG] [org.gradle.cache.internal.DefaultFileLockManager] Releasing lock on journal cache (C:\Users\Thinkbook\AndroidStudioProjects\MyApplication3\caches\journal-1).
2025-03-20T03:11:51.120+0700 [DEBUG] [org.gradle.cache.internal.LockOnDemandCrossProcessCacheAccess] Releasing file lock for file hash cache (C:\Users\Thinkbook\AndroidStudioProjects\MyApplication3\caches\8.4\fileHashes)
2025-03-20T03:11:51.122+0700 [DEBUG] [org.gradle.cache.internal.btree.BTreePersistentIndexedCache] Closing cache fileHashes.bin (C:\Users\Thinkbook\AndroidStudioProjects\MyApplication3\caches\8.4\fileHashes\fileHashes.bin)
2025-03-20T03:11:51.185+0700 [DEBUG] [org.gradle.cache.internal.btree.BTreePersistentIndexedCache] Closing cache resourceHashesCache.bin (C:\Users\Thinkbook\AndroidStudioProjects\MyApplication3\caches\8.4\fileHashes\resourceHashesCache.bin)
2025-03-20T03:11:51.190+0700 [DEBUG] [org.gradle.cache.internal.DefaultFileLockManager] Releasing lock on file hash cache (C:\Users\Thinkbook\AndroidStudioProjects\MyApplication3\caches\8.4\fileHashes).
2025-03-20T03:11:51.217+0700 [DEBUG] [org.gradle.cache.internal.LockOnDemandCrossProcessCacheAccess] Releasing file lock for execution history cache (C:\Users\Thinkbook\AndroidStudioProjects\MyApplication3\caches\8.4\executionHistory)
2025-03-20T03:11:51.221+0700 [DEBUG] [org.gradle.cache.internal.btree.BTreePersistentIndexedCache] Closing cache executionHistory.bin (C:\Users\Thinkbook\AndroidStudioProjects\MyApplication3\caches\8.4\executionHistory\executionHistory.bin)
2025-03-20T03:11:51.225+0700 [DEBUG] [org.gradle.cache.internal.DefaultFileLockManager] Releasing lock on execution history cache (C:\Users\Thinkbook\AndroidStudioProjects\MyApplication3\caches\8.4\executionHistory).
2025-03-20T03:11:54.745+0700 [DEBUG] [org.gradle.process.internal.health.memory.DefaultMemoryManager] 629826355 physical memory requested, 248045568 free
2025-03-20T03:11:54.750+0700 [DEBUG] [org.gradle.process.internal.health.memory.DefaultMemoryManager] 629826355 physical memory requested, 0 released, 248045568 free
2025-03-20T03:11:59.256+0700 [DEBUG] [org.gradle.cache.internal.VersionSpecificCacheCleanupAction] Processed version-specific caches at C:\Users\Thinkbook\AndroidStudioProjects\MyApplication3\caches for cleanup in 7.845 secs
2025-03-20T03:11:59.749+0700 [DEBUG] [org.gradle.process.internal.health.memory.DefaultMemoryManager] 629826355 physical memory requested, 381124608 free
2025-03-20T03:11:59.781+0700 [DEBUG] [org.gradle.process.internal.health.memory.DefaultMemoryManager] 629826355 physical memory requested, 0 released, 381124608 free
2025-03-20T03:12:00.872+0700 [DEBUG] [java.lang.Runtime] Runtime.exit() called with status: 0
java.lang.Throwable: Runtime.exit(0)
	at java.base/java.lang.Shutdown.logRuntimeExit(Shutdown.java:179)
	at java.base/java.lang.Shutdown.exit(Shutdown.java:160)
	at java.base/java.lang.Runtime.exit(Runtime.java:188)
	at java.base/java.lang.System.exit(System.java:1920)
	at org.gradle.launcher.bootstrap.ProcessCompleter.complete(ProcessCompleter.java:21)
	at org.gradle.launcher.bootstrap.EntryPoint.run(EntryPoint.java:59)
	at java.base/jdk.internal.reflect.DirectMethodHandleAccessor.invoke(DirectMethodHandleAccessor.java:103)
	at java.base/java.lang.reflect.Method.invoke(Method.java:580)
	at org.gradle.launcher.bootstrap.ProcessBootstrap.runNoExit(ProcessBootstrap.java:60)
	at org.gradle.launcher.bootstrap.ProcessBootstrap.run(ProcessBootstrap.java:37)
	at org.gradle.launcher.daemon.bootstrap.GradleDaemon.main(GradleDaemon.java:22)
Daemon vm is shutting down... The daemon has exited normally or was terminated in response to a user interrupt.
2025-03-20T03:12:00.979+0700 [DEBUG] [org.gradle.launcher.daemon.registry.PersistentDaemonRegistry] Removing daemon address: [98727af4-1a0a-4ac2-91b7-9d88f1a9ec0b port:56202, addresses:[localhost/127.0.0.1]]
2025-03-20T03:12:00.986+0700 [DEBUG] [org.gradle.cache.internal.DefaultFileLockManager] Waiting to acquire exclusive lock on daemon addresses registry.
2025-03-20T03:12:00.990+0700 [DEBUG] [org.gradle.cache.internal.DefaultFileLockManager] Lock acquired on daemon addresses registry.
2025-03-20T03:12:01.001+0700 [DEBUG] [org.gradle.cache.internal.DefaultFileLockManager] Releasing lock on daemon addresses registry.
